\BOOKMARK [1][-]{section.1}{Introduction and Background}{}% 1
\BOOKMARK [2][-]{subsection.1.1}{Related work}{section.1}% 2
\BOOKMARK [1][-]{section.2}{Methodology}{}% 3
\BOOKMARK [2][-]{subsection.2.1}{Creating our corpus}{section.2}% 4
\BOOKMARK [3][-]{subsubsection.2.1.1}{Selecting relevant keyword search terms}{subsection.2.1}% 5
\BOOKMARK [3][-]{subsubsection.2.1.2}{Selecting the newspapers}{subsection.2.1}% 6
\BOOKMARK [3][-]{subsubsection.2.1.3}{Web scraping}{subsection.2.1}% 7
\BOOKMARK [3][-]{subsubsection.2.1.4}{Data cleaning}{subsection.2.1}% 8
\BOOKMARK [2][-]{subsection.2.2}{GBV NN Classification}{section.2}% 9
\BOOKMARK [3][-]{subsubsection.2.2.1}{Labelling the data}{subsection.2.2}% 10
\BOOKMARK [3][-]{subsubsection.2.2.2}{Binary classification model}{subsection.2.2}% 11
\BOOKMARK [2][-]{subsection.2.3}{Word2Vec and Sentiment Analysis}{section.2}% 12
\BOOKMARK [2][-]{subsection.2.4}{Passive Voice}{section.2}% 13
\BOOKMARK [1][-]{section.3}{Results}{}% 14
\BOOKMARK [2][-]{subsection.3.1}{Semantic Meaning in Word Embedding Models}{section.3}% 15
\BOOKMARK [2][-]{subsection.3.2}{Active Passive Voice}{section.3}% 16
\BOOKMARK [2][-]{subsection.3.3}{LSTM Binary Classifier}{section.3}% 17
\BOOKMARK [1][-]{section.4}{Conclusion, further research and limitations}{}% 18
\BOOKMARK [1][-]{section.5}{Description of effort}{}% 19
\BOOKMARK [1][-]{section.6}{Appendix}{}% 20
\BOOKMARK [1][-]{section.7}{References}{}% 21
